\BOOKMARK [1][-]{section.1}{并行计算机系统及其结构模型}{}% 1
\BOOKMARK [2][-]{subsection.1.1}{并行计算（2019年7月2日）}{section.1}% 2
\BOOKMARK [3][-]{subsubsection.1.1.1}{并行计算与计算科学}{subsection.1.1}% 3
\BOOKMARK [2][-]{subsection.1.2}{并行计算系统互连（2019年7月3日）}{section.1}% 4
\BOOKMARK [3][-]{subsubsection.1.2.1}{系统互连}{subsection.1.2}% 5
\BOOKMARK [3][-]{subsubsection.1.2.2}{静态互连网络}{subsection.1.2}% 6
\BOOKMARK [3][-]{subsubsection.1.2.3}{动态互连网络}{subsection.1.2}% 7
\BOOKMARK [3][-]{subsubsection.1.2.4}{标准互连网络分类}{subsection.1.2}% 8
\BOOKMARK [2][-]{subsection.1.3}{并行计算机体系结构（2019年7月4日）}{section.1}% 9
\BOOKMARK [3][-]{subsubsection.1.3.1}{并行计算机结构模型}{subsection.1.3}% 10
\BOOKMARK [3][-]{subsubsection.1.3.2}{并行计算机访存模型}{subsection.1.3}% 11
\BOOKMARK [3][-]{subsubsection.1.3.3}{并行计算机存储组织}{subsection.1.3}% 12
\BOOKMARK [1][-]{section.2}{当代并行计算机系统介绍}{}% 13
\BOOKMARK [1][-]{section.3}{并行计算性能评测}{}% 14
\BOOKMARK [2][-]{subsection.3.1}{并行计算机的一些基本性能指标（2019年7月5日）}{section.3}% 15
\BOOKMARK [3][-]{subsubsection.3.1.1}{CPU和存储器的某些基本性能指标}{subsection.3.1}% 16
\BOOKMARK [3][-]{subsubsection.3.1.2}{通信开销测量方法}{subsection.3.1}% 17
\BOOKMARK [3][-]{subsubsection.3.1.3}{机器的成本、价格与性能/价格比}{subsection.3.1}% 18
\BOOKMARK [2][-]{subsection.3.2}{加速比性能定律（2019年7月6日）}{section.3}% 19
\BOOKMARK [3][-]{subsubsection.3.2.1}{Amdahl定律}{subsection.3.2}% 20
\BOOKMARK [3][-]{subsubsection.3.2.2}{Gustafson定律}{subsection.3.2}% 21
\BOOKMARK [3][-]{subsubsection.3.2.3}{Sun和Ni定律}{subsection.3.2}% 22
\BOOKMARK [1][-]{section.4}{并行算法的设计基础}{}% 23
\BOOKMARK [2][-]{subsection.4.1}{并行算法的基础知识}{section.4}% 24
\BOOKMARK [2][-]{subsection.4.2}{并行计算模型（2019年7月7日）}{section.4}% 25
\BOOKMARK [3][-]{subsubsection.4.2.1}{PRAM模型}{subsection.4.2}% 26
\BOOKMARK [3][-]{subsubsection.4.2.2}{异步PRAM模型}{subsection.4.2}% 27
\BOOKMARK [3][-]{subsubsection.4.2.3}{BSP模型}{subsection.4.2}% 28
\BOOKMARK [3][-]{subsubsection.4.2.4}{logP模型}{subsection.4.2}% 29
